INFO : data_dir: ./data/rocstories
INFO : Corpus size: 55807
INFO : Ave. narrative length: 5.05 (+-0.3441)
INFO : Ave. utterance length: 9.62 (+-2.8695)
INFO : Vocabulary size: 28210
INFO : data_dir: ./data/rocstories
INFO : data_dir: ./data/rocstories
INFO : data_dir: ./data/rocstories
INFO : data_dir: ./data/rocstories
INFO : data_dir: ./data/rocstories
INFO : data_dir: ./data/rocstories
INFO : data_dir: ./data/rocstories
INFO : data_dir: ./data/rocstories
INFO : Corpus size: 58949
INFO : Ave. narrative length: 4.80 (+-0.9745)
INFO : Ave. utterance length: 9.61 (+-2.8687)
INFO : Vocabulary size: 28248
INFO : data_dir: ./data/rocstories
INFO : Corpus size: 55807
INFO : Ave. narrative length: 5.02 (+-0.3802)
INFO : Ave. utterance length: 9.63 (+-2.8689)
INFO : Vocabulary size: 28183
